[0m01:03:10.631921 [debug] [MainThread]: Sending event: {'category': 'dbt', 'action': 'invocation', 'label': 'start', 'context': [<snowplow_tracker.self_describing_json.SelfDescribingJson object at 0x0000014643BC01A0>, <snowplow_tracker.self_describing_json.SelfDescribingJson object at 0x00000146416F8550>, <snowplow_tracker.self_describing_json.SelfDescribingJson object at 0x000001464453FB10>]}


============================== 01:03:10.640822 | b2962961-2a42-4290-8153-83fafe45a0a3 ==============================
[0m01:03:10.640822 [info ] [MainThread]: Running with dbt=1.11.7
[0m01:03:10.642582 [debug] [MainThread]: running dbt with arguments {'version_check': 'True', 'no_print': 'None', 'static_parser': 'True', 'target_path': 'None', 'warn_error_options': 'WarnErrorOptionsV2(error=[], warn=[], silence=[])', 'printer_width': '80', 'write_json': 'True', 'introspect': 'True', 'log_cache_events': 'False', 'empty': 'False', 'cache_selected_only': 'False', 'log_format': 'default', 'debug': 'False', 'fail_fast': 'False', 'profiles_dir': 'C:\\Users\\Kunchala Theja Kumar\\.dbt', 'send_anonymous_usage_stats': 'True', 'quiet': 'False', 'warn_error': 'None', 'partial_parse': 'True', 'use_colors': 'True', 'invocation_command': 'dbt run --select intermediate', 'indirect_selection': 'eager', 'use_experimental_parser': 'False', 'log_path': 'logs'}
[0m01:03:10.644239 [error] [MainThread]: Encountered an error:
Runtime Error
  No dbt_project.yml found at expected path D:\Projects\ecommerce-analytics\dbt_project.yml
  Verify that each entry within packages.yml (and their transitive dependencies) contains a file named dbt_project.yml
  
[0m01:03:10.646444 [debug] [MainThread]: Command `dbt run` failed at 01:03:10.646149 after 0.45 seconds
[0m01:03:10.647593 [debug] [MainThread]: Sending event: {'category': 'dbt', 'action': 'invocation', 'label': 'end', 'context': [<snowplow_tracker.self_describing_json.SelfDescribingJson object at 0x0000014644B2B360>, <snowplow_tracker.self_describing_json.SelfDescribingJson object at 0x0000014644CB04D0>, <snowplow_tracker.self_describing_json.SelfDescribingJson object at 0x0000014644AD68B0>]}
[0m01:03:10.648425 [debug] [MainThread]: Flushing usage events
[0m01:03:12.450586 [debug] [MainThread]: An error was encountered while trying to flush usage events
[0m20:57:06.487805 [debug] [MainThread]: Sending event: {'category': 'dbt', 'action': 'invocation', 'label': 'start', 'context': [<snowplow_tracker.self_describing_json.SelfDescribingJson object at 0x0000016667AB01A0>, <snowplow_tracker.self_describing_json.SelfDescribingJson object at 0x00000166655F8550>, <snowplow_tracker.self_describing_json.SelfDescribingJson object at 0x000001666842BB10>]}


============================== 20:57:06.501727 | 51e29ddb-78a1-4313-95e0-ec62ea28254e ==============================
[0m20:57:06.501727 [info ] [MainThread]: Running with dbt=1.11.7
[0m20:57:06.503439 [debug] [MainThread]: running dbt with arguments {'static_parser': 'True', 'no_print': 'None', 'version_check': 'True', 'target_path': 'None', 'warn_error_options': 'WarnErrorOptionsV2(error=[], warn=[], silence=[])', 'printer_width': '80', 'write_json': 'True', 'introspect': 'True', 'log_cache_events': 'False', 'empty': 'False', 'cache_selected_only': 'False', 'log_format': 'default', 'debug': 'False', 'fail_fast': 'False', 'profiles_dir': 'C:\\Users\\Kunchala Theja Kumar\\.dbt', 'send_anonymous_usage_stats': 'True', 'quiet': 'False', 'warn_error': 'None', 'partial_parse': 'True', 'invocation_command': 'dbt build --select intermediate', 'use_colors': 'True', 'indirect_selection': 'eager', 'use_experimental_parser': 'False', 'log_path': 'logs'}
[0m20:57:06.504689 [error] [MainThread]: Encountered an error:
Runtime Error
  No dbt_project.yml found at expected path D:\Projects\ecommerce-analytics\dbt_project.yml
  Verify that each entry within packages.yml (and their transitive dependencies) contains a file named dbt_project.yml
  
[0m20:57:06.506921 [debug] [MainThread]: Command `dbt build` failed at 20:57:06.506621 after 0.50 seconds
[0m20:57:06.508109 [debug] [MainThread]: Sending event: {'category': 'dbt', 'action': 'invocation', 'label': 'end', 'context': [<snowplow_tracker.self_describing_json.SelfDescribingJson object at 0x0000016668A1B360>, <snowplow_tracker.self_describing_json.SelfDescribingJson object at 0x0000016668BAC4D0>, <snowplow_tracker.self_describing_json.SelfDescribingJson object at 0x00000166689C28B0>]}
[0m20:57:06.509023 [debug] [MainThread]: Flushing usage events
[0m20:57:08.313713 [debug] [MainThread]: An error was encountered while trying to flush usage events
